{"/Users/ayushgupta/Desktop/Projects/Todo/client/src/App.tsx": {"path":"/Users/ayushgupta/Desktop/Projects/Todo/client/src/App.tsx","statementMap":{"0":{"start":{"line":13,"column":0},"end":{"line":13,"column":24}},"1":{"start":{"line":1,"column":0},"end":{"line":1,"column":44}},"2":{"start":{"line":2,"column":0},"end":{"line":2,"column":61}},"3":{"start":{"line":3,"column":0},"end":{"line":3,"column":null}},"4":{"start":{"line":9,"column":0},"end":{"line":9,"column":45}},"5":{"start":{"line":10,"column":0},"end":{"line":10,"column":45}},"6":{"start":{"line":14,"column":28},"end":{"line":14,"column":48}},"7":{"start":{"line":15,"column":28},"end":{"line":15,"column":57}},"8":{"start":{"line":16,"column":32},"end":{"line":16,"column":47}},"9":{"start":{"line":18,"column":20},"end":{"line":29,"column":3}},"10":{"start":{"line":19,"column":4},"end":{"line":28,"column":5}},"11":{"start":{"line":20,"column":6},"end":{"line":20,"column":23}},"12":{"start":{"line":21,"column":6},"end":{"line":21,"column":21}},"13":{"start":{"line":22,"column":23},"end":{"line":22,"column":41}},"14":{"start":{"line":23,"column":6},"end":{"line":23,"column":36}},"15":{"start":{"line":25,"column":6},"end":{"line":25,"column":28}},"16":{"start":{"line":27,"column":6},"end":{"line":27,"column":24}},"17":{"start":{"line":31,"column":2},"end":{"line":33,"column":9}},"18":{"start":{"line":32,"column":4},"end":{"line":32,"column":16}},"19":{"start":{"line":35,"column":32},"end":{"line":42,"column":3}},"20":{"start":{"line":36,"column":4},"end":{"line":41,"column":5}},"21":{"start":{"line":37,"column":6},"end":{"line":37,"column":39}},"22":{"start":{"line":38,"column":6},"end":{"line":38,"column":24}},"23":{"start":{"line":40,"column":6},"end":{"line":40,"column":28}},"24":{"start":{"line":44,"column":37},"end":{"line":51,"column":3}},"25":{"start":{"line":45,"column":4},"end":{"line":50,"column":5}},"26":{"start":{"line":46,"column":6},"end":{"line":46,"column":29}},"27":{"start":{"line":47,"column":6},"end":{"line":47,"column":24}},"28":{"start":{"line":49,"column":6},"end":{"line":49,"column":28}},"29":{"start":{"line":53,"column":37},"end":{"line":60,"column":3}},"30":{"start":{"line":54,"column":4},"end":{"line":59,"column":5}},"31":{"start":{"line":55,"column":6},"end":{"line":55,"column":27}},"32":{"start":{"line":56,"column":6},"end":{"line":56,"column":24}},"33":{"start":{"line":58,"column":6},"end":{"line":58,"column":28}},"34":{"start":{"line":62,"column":2},"end":{"line":82,"column":4}}},"fnMap":{"0":{"name":"App","decl":{"start":{"line":13,"column":24},"end":{"line":13,"column":27}},"loc":{"start":{"line":13,"column":27},"end":{"line":83,"column":1}}},"1":{"name":"(anonymous_2)","decl":{"start":{"line":18,"column":20},"end":{"line":18,"column":25}},"loc":{"start":{"line":18,"column":31},"end":{"line":29,"column":3}}},"2":{"name":"(anonymous_3)","decl":{"start":{"line":31,"column":12},"end":{"line":31,"column":15}},"loc":{"start":{"line":31,"column":17},"end":{"line":33,"column":3}}},"3":{"name":"(anonymous_4)","decl":{"start":{"line":35,"column":32},"end":{"line":35,"column":37}},"loc":{"start":{"line":35,"column":73},"end":{"line":42,"column":3}}},"4":{"name":"(anonymous_5)","decl":{"start":{"line":44,"column":37},"end":{"line":44,"column":42}},"loc":{"start":{"line":44,"column":58},"end":{"line":51,"column":3}}},"5":{"name":"(anonymous_6)","decl":{"start":{"line":53,"column":37},"end":{"line":53,"column":42}},"loc":{"start":{"line":53,"column":58},"end":{"line":60,"column":3}}}},"branchMap":{"0":{"loc":{"start":{"line":68,"column":7},"end":{"line":68,"column":55}},"type":"binary-expr","locations":[{"start":{"line":68,"column":7},"end":{"line":68,"column":12}},{"start":{"line":68,"column":16},"end":{"line":68,"column":55}}]},"1":{"loc":{"start":{"line":72,"column":7},"end":{"line":79,"column":null}},"type":"cond-expr","locations":[{"start":{"line":73,"column":8},"end":{"line":73,"column":43}},{"start":{"line":75,"column":8},"end":{"line":78,"column":null}}]}},"s":{"0":1,"1":1,"2":1,"3":1,"4":1,"5":1,"6":9,"7":9,"8":9,"9":9,"10":4,"11":4,"12":4,"13":4,"14":3,"15":1,"16":4,"17":9,"18":3,"19":9,"20":0,"21":0,"22":0,"23":0,"24":9,"25":1,"26":1,"27":1,"28":0,"29":9,"30":0,"31":0,"32":0,"33":0,"34":9},"f":{"0":9,"1":4,"2":3,"3":0,"4":1,"5":0},"b":{"0":[9,1],"1":[3,6]}}
,"/Users/ayushgupta/Desktop/Projects/Todo/client/src/components/TodoForm.tsx": {"path":"/Users/ayushgupta/Desktop/Projects/Todo/client/src/components/TodoForm.tsx","statementMap":{"0":{"start":{"line":5,"column":0},"end":{"line":5,"column":24}},"1":{"start":{"line":1,"column":0},"end":{"line":1,"column":33}},"2":{"start":{"line":2,"column":0},"end":{"line":2,"column":64}},"3":{"start":{"line":6,"column":28},"end":{"line":6,"column":48}},"4":{"start":{"line":7,"column":32},"end":{"line":7,"column":52}},"5":{"start":{"line":9,"column":28},"end":{"line":13,"column":3}},"6":{"start":{"line":10,"column":4},"end":{"line":10,"column":26}},"7":{"start":{"line":11,"column":4},"end":{"line":11,"column":17}},"8":{"start":{"line":12,"column":4},"end":{"line":12,"column":19}},"9":{"start":{"line":15,"column":2},"end":{"line":47,"column":4}},"10":{"start":{"line":22,"column":27},"end":{"line":22,"column":51}},"11":{"start":{"line":31,"column":27},"end":{"line":31,"column":53}}},"fnMap":{"0":{"name":"TodoForm","decl":{"start":{"line":5,"column":24},"end":{"line":5,"column":32}},"loc":{"start":{"line":5,"column":57},"end":{"line":48,"column":1}}},"1":{"name":"(anonymous_1)","decl":{"start":{"line":9,"column":28},"end":{"line":9,"column":37}},"loc":{"start":{"line":9,"column":39},"end":{"line":13,"column":3}}},"2":{"name":"(anonymous_2)","decl":{"start":{"line":22,"column":20},"end":{"line":22,"column":21}},"loc":{"start":{"line":22,"column":27},"end":{"line":22,"column":51}}},"3":{"name":"(anonymous_3)","decl":{"start":{"line":31,"column":20},"end":{"line":31,"column":21}},"loc":{"start":{"line":31,"column":27},"end":{"line":31,"column":53}}}},"branchMap":{},"s":{"0":2,"1":2,"2":2,"3":13,"4":13,"5":13,"6":1,"7":1,"8":1,"9":13,"10":1,"11":1},"f":{"0":13,"1":1,"2":1,"3":1},"b":{}}
,"/Users/ayushgupta/Desktop/Projects/Todo/client/src/components/TodoItem.tsx": {"path":"/Users/ayushgupta/Desktop/Projects/Todo/client/src/components/TodoItem.tsx","statementMap":{"0":{"start":{"line":5,"column":0},"end":{"line":5,"column":24}},"1":{"start":{"line":2,"column":0},"end":{"line":2,"column":77}},"2":{"start":{"line":3,"column":0},"end":{"line":3,"column":52}},"3":{"start":{"line":10,"column":24},"end":{"line":10,"column":49}},"4":{"start":{"line":11,"column":22},"end":{"line":11,"column":59}},"5":{"start":{"line":13,"column":19},"end":{"line":18,"column":3}},"6":{"start":{"line":14,"column":4},"end":{"line":14,"column":41}},"7":{"start":{"line":14,"column":24},"end":{"line":14,"column":41}},"8":{"start":{"line":15,"column":4},"end":{"line":15,"column":40}},"9":{"start":{"line":15,"column":23},"end":{"line":15,"column":40}},"10":{"start":{"line":16,"column":4},"end":{"line":16,"column":38}},"11":{"start":{"line":16,"column":21},"end":{"line":16,"column":38}},"12":{"start":{"line":17,"column":4},"end":{"line":17,"column":21}},"13":{"start":{"line":20,"column":21},"end":{"line":20,"column":31}},"14":{"start":{"line":22,"column":2},"end":{"line":41,"column":4}},"15":{"start":{"line":29,"column":46},"end":{"line":29,"column":63}},"16":{"start":{"line":37,"column":24},"end":{"line":37,"column":43}}},"fnMap":{"0":{"name":"TodoItem","decl":{"start":{"line":5,"column":24},"end":{"line":5,"column":32}},"loc":{"start":{"line":9,"column":16},"end":{"line":42,"column":1}}},"1":{"name":"(anonymous_2)","decl":{"start":{"line":13,"column":19},"end":{"line":13,"column":30}},"loc":{"start":{"line":13,"column":32},"end":{"line":18,"column":3}}},"2":{"name":"(anonymous_3)","decl":{"start":{"line":29,"column":40},"end":{"line":29,"column":43}},"loc":{"start":{"line":29,"column":46},"end":{"line":29,"column":63}}},"3":{"name":"(anonymous_4)","decl":{"start":{"line":37,"column":18},"end":{"line":37,"column":21}},"loc":{"start":{"line":37,"column":24},"end":{"line":37,"column":43}}}},"branchMap":{"0":{"loc":{"start":{"line":14,"column":4},"end":{"line":14,"column":41}},"type":"if","locations":[{"start":{"line":14,"column":4},"end":{"line":14,"column":41}},{"start":{},"end":{}}]},"1":{"loc":{"start":{"line":15,"column":4},"end":{"line":15,"column":40}},"type":"if","locations":[{"start":{"line":15,"column":4},"end":{"line":15,"column":40}},{"start":{},"end":{}}]},"2":{"loc":{"start":{"line":16,"column":4},"end":{"line":16,"column":38}},"type":"if","locations":[{"start":{"line":16,"column":4},"end":{"line":16,"column":38}},{"start":{},"end":{}}]}},"s":{"0":3,"1":3,"2":3,"3":6,"4":6,"5":6,"6":6,"7":1,"8":5,"9":0,"10":5,"11":5,"12":0,"13":6,"14":6,"15":1,"16":2},"f":{"0":6,"1":6,"2":1,"3":2},"b":{"0":[1,5],"1":[0,5],"2":[5,0]}}
,"/Users/ayushgupta/Desktop/Projects/Todo/client/src/components/TodoList.tsx": {"path":"/Users/ayushgupta/Desktop/Projects/Todo/client/src/components/TodoList.tsx","statementMap":{"0":{"start":{"line":5,"column":0},"end":{"line":5,"column":24}},"1":{"start":{"line":2,"column":0},"end":{"line":2,"column":37}},"2":{"start":{"line":3,"column":0},"end":{"line":3,"column":34}},"3":{"start":{"line":10,"column":2},"end":{"line":21,"column":4}},"4":{"start":{"line":13,"column":8},"end":{"line":14,"column":null}},"5":{"start":{"line":16,"column":28},"end":{"line":16,"column":47}},"6":{"start":{"line":17,"column":26},"end":{"line":17,"column":43}}},"fnMap":{"0":{"name":"TodoList","decl":{"start":{"line":5,"column":24},"end":{"line":5,"column":32}},"loc":{"start":{"line":9,"column":16},"end":{"line":22,"column":1}}},"1":{"name":"(anonymous_2)","decl":{"start":{"line":12,"column":18},"end":{"line":12,"column":19}},"loc":{"start":{"line":13,"column":8},"end":{"line":14,"column":null}}},"2":{"name":"(anonymous_3)","decl":{"start":{"line":16,"column":22},"end":{"line":16,"column":25}},"loc":{"start":{"line":16,"column":28},"end":{"line":16,"column":47}}},"3":{"name":"(anonymous_4)","decl":{"start":{"line":17,"column":20},"end":{"line":17,"column":23}},"loc":{"start":{"line":17,"column":26},"end":{"line":17,"column":43}}}},"branchMap":{},"s":{"0":2,"1":2,"2":2,"3":7,"4":3,"5":1,"6":0},"f":{"0":7,"1":3,"2":1,"3":0},"b":{}}
,"/Users/ayushgupta/Desktop/Projects/Todo/client/src/services/todoApi.ts": {"path":"/Users/ayushgupta/Desktop/Projects/Todo/client/src/services/todoApi.ts","statementMap":{"0":{"start":{"line":4,"column":17},"end":{"line":4,"column":46}},"1":{"start":{"line":6,"column":23},"end":{"line":20,"column":1}},"2":{"start":{"line":7,"column":2},"end":{"line":14,"column":3}},"3":{"start":{"line":8,"column":18},"end":{"line":8,"column":40}},"4":{"start":{"line":9,"column":4},"end":{"line":12,"column":14}},"5":{"start":{"line":10,"column":20},"end":{"line":10,"column":36}},"6":{"start":{"line":11,"column":6},"end":{"line":11,"column":41}},"7":{"start":{"line":13,"column":4},"end":{"line":13,"column":29}},"8":{"start":{"line":19,"column":2},"end":{"line":19,"column":20}},"9":{"start":{"line":22,"column":26},"end":{"line":25,"column":1}},"10":{"start":{"line":23,"column":14},"end":{"line":23,"column":35}},"11":{"start":{"line":24,"column":2},"end":{"line":24,"column":29}},"12":{"start":{"line":22,"column":13},"end":{"line":22,"column":26}},"13":{"start":{"line":27,"column":26},"end":{"line":34,"column":1}},"14":{"start":{"line":28,"column":14},"end":{"line":32,"column":4}},"15":{"start":{"line":33,"column":2},"end":{"line":33,"column":29}},"16":{"start":{"line":27,"column":13},"end":{"line":27,"column":26}},"17":{"start":{"line":36,"column":26},"end":{"line":43,"column":1}},"18":{"start":{"line":37,"column":14},"end":{"line":41,"column":4}},"19":{"start":{"line":42,"column":2},"end":{"line":42,"column":29}},"20":{"start":{"line":36,"column":13},"end":{"line":36,"column":26}},"21":{"start":{"line":45,"column":28},"end":{"line":50,"column":1}},"22":{"start":{"line":46,"column":14},"end":{"line":48,"column":4}},"23":{"start":{"line":49,"column":2},"end":{"line":49,"column":29}},"24":{"start":{"line":45,"column":13},"end":{"line":45,"column":28}},"25":{"start":{"line":52,"column":26},"end":{"line":57,"column":1}},"26":{"start":{"line":53,"column":14},"end":{"line":55,"column":4}},"27":{"start":{"line":56,"column":2},"end":{"line":56,"column":29}},"28":{"start":{"line":52,"column":13},"end":{"line":52,"column":26}}},"fnMap":{"0":{"name":"(anonymous_0)","decl":{"start":{"line":6,"column":23},"end":{"line":6,"column":28}},"loc":{"start":{"line":6,"column":47},"end":{"line":20,"column":1}}},"1":{"name":"(anonymous_1)","decl":{"start":{"line":22,"column":26},"end":{"line":22,"column":31}},"loc":{"start":{"line":22,"column":61},"end":{"line":25,"column":1}}},"2":{"name":"(anonymous_2)","decl":{"start":{"line":27,"column":26},"end":{"line":27,"column":31}},"loc":{"start":{"line":27,"column":67},"end":{"line":34,"column":1}}},"3":{"name":"(anonymous_3)","decl":{"start":{"line":36,"column":26},"end":{"line":36,"column":31}},"loc":{"start":{"line":36,"column":68},"end":{"line":43,"column":1}}},"4":{"name":"(anonymous_4)","decl":{"start":{"line":45,"column":28},"end":{"line":45,"column":33}},"loc":{"start":{"line":45,"column":49},"end":{"line":50,"column":1}}},"5":{"name":"(anonymous_5)","decl":{"start":{"line":52,"column":26},"end":{"line":52,"column":31}},"loc":{"start":{"line":52,"column":47},"end":{"line":57,"column":1}}}},"branchMap":{"0":{"loc":{"start":{"line":7,"column":2},"end":{"line":14,"column":3}},"type":"if","locations":[{"start":{"line":7,"column":2},"end":{"line":14,"column":3}},{"start":{},"end":{}}]},"1":{"loc":{"start":{"line":11,"column":16},"end":{"line":11,"column":40}},"type":"binary-expr","locations":[{"start":{"line":11,"column":16},"end":{"line":11,"column":29}},{"start":{"line":11,"column":33},"end":{"line":11,"column":40}}]}},"s":{"0":2,"1":2,"2":4,"3":0,"4":0,"5":0,"6":0,"7":0,"8":4,"9":2,"10":1,"11":1,"12":2,"13":2,"14":1,"15":1,"16":2,"17":2,"18":0,"19":0,"20":2,"21":2,"22":1,"23":1,"24":2,"25":2,"26":1,"27":1,"28":2},"f":{"0":4,"1":1,"2":1,"3":0,"4":1,"5":1},"b":{"0":[0,4],"1":[0,0]}}
}
