TN:
SF:src/App.tsx
FN:13,App
FN:18,(anonymous_2)
FN:31,(anonymous_3)
FN:35,(anonymous_4)
FN:44,(anonymous_5)
FN:53,(anonymous_6)
FNF:6
FNH:4
FNDA:9,App
FNDA:4,(anonymous_2)
FNDA:3,(anonymous_3)
FNDA:0,(anonymous_4)
FNDA:1,(anonymous_5)
FNDA:0,(anonymous_6)
DA:1,1
DA:2,1
DA:3,1
DA:9,1
DA:10,1
DA:13,1
DA:14,9
DA:15,9
DA:16,9
DA:18,9
DA:19,4
DA:20,4
DA:21,4
DA:22,4
DA:23,3
DA:25,1
DA:27,4
DA:31,9
DA:32,3
DA:35,9
DA:36,0
DA:37,0
DA:38,0
DA:40,0
DA:44,9
DA:45,1
DA:46,1
DA:47,1
DA:49,0
DA:53,9
DA:54,0
DA:55,0
DA:56,0
DA:58,0
DA:62,9
LF:35
LH:26
BRDA:68,0,0,9
BRDA:68,0,1,1
BRDA:72,1,0,3
BRDA:72,1,1,6
BRF:4
BRH:4
end_of_record
TN:
SF:src/components/TodoForm.tsx
FN:5,TodoForm
FN:9,(anonymous_1)
FN:22,(anonymous_2)
FN:31,(anonymous_3)
FNF:4
FNH:4
FNDA:13,TodoForm
FNDA:1,(anonymous_1)
FNDA:1,(anonymous_2)
FNDA:1,(anonymous_3)
DA:1,2
DA:2,2
DA:5,2
DA:6,13
DA:7,13
DA:9,13
DA:10,1
DA:11,1
DA:12,1
DA:15,13
DA:22,1
DA:31,1
LF:12
LH:12
BRF:0
BRH:0
end_of_record
TN:
SF:src/components/TodoItem.tsx
FN:5,TodoItem
FN:13,(anonymous_2)
FN:29,(anonymous_3)
FN:37,(anonymous_4)
FNF:4
FNH:4
FNDA:6,TodoItem
FNDA:6,(anonymous_2)
FNDA:1,(anonymous_3)
FNDA:2,(anonymous_4)
DA:2,3
DA:3,3
DA:5,3
DA:10,6
DA:11,6
DA:13,6
DA:14,6
DA:15,5
DA:16,5
DA:17,0
DA:20,6
DA:22,6
DA:29,1
DA:37,2
LF:14
LH:13
BRDA:14,0,0,1
BRDA:14,0,1,5
BRDA:15,1,0,0
BRDA:15,1,1,5
BRDA:16,2,0,5
BRDA:16,2,1,0
BRF:6
BRH:4
end_of_record
TN:
SF:src/components/TodoList.tsx
FN:5,TodoList
FN:12,(anonymous_2)
FN:16,(anonymous_3)
FN:17,(anonymous_4)
FNF:4
FNH:3
FNDA:7,TodoList
FNDA:3,(anonymous_2)
FNDA:1,(anonymous_3)
FNDA:0,(anonymous_4)
DA:2,2
DA:3,2
DA:5,2
DA:10,7
DA:13,3
DA:16,1
DA:17,0
LF:7
LH:6
BRF:0
BRH:0
end_of_record
TN:
SF:src/services/todoApi.ts
FN:6,(anonymous_0)
FN:22,(anonymous_1)
FN:27,(anonymous_2)
FN:36,(anonymous_3)
FN:45,(anonymous_4)
FN:52,(anonymous_5)
FNF:6
FNH:5
FNDA:4,(anonymous_0)
FNDA:1,(anonymous_1)
FNDA:1,(anonymous_2)
FNDA:0,(anonymous_3)
FNDA:1,(anonymous_4)
FNDA:1,(anonymous_5)
DA:4,2
DA:6,2
DA:7,4
DA:8,0
DA:9,0
DA:10,0
DA:11,0
DA:13,0
DA:19,4
DA:22,2
DA:23,1
DA:24,1
DA:27,2
DA:28,1
DA:33,1
DA:36,2
DA:37,0
DA:42,0
DA:45,2
DA:46,1
DA:49,1
DA:52,2
DA:53,1
DA:56,1
LF:24
LH:17
BRDA:7,0,0,0
BRDA:7,0,1,4
BRDA:11,1,0,0
BRDA:11,1,1,0
BRF:4
BRH:1
end_of_record
